"../../../Engine/Content/EditorResources/S_Actor.uasset" 0
"../../../Engine/Content/EngineResources/AICON-Red.uasset" 1
"../../../Engine/Content/EngineResources/AICON-Green.uasset" 2
"../../../Engine/Content/EngineFonts/Roboto.uasset" 3
"../../../Engine/Content/Functions/Engine_MaterialFunctions01/Shading/PowerToRoughness.uasset" 4
"../../../Engine/Content/Functions/Engine_MaterialFunctions01/Shading/ConvertFromDiffSpec.uasset" 5
"../../../Engine/Content/EngineMaterials/DefaultDiffuse.uasset" 6
"../../../Engine/Content/EngineMaterials/DefaultDeferredDecalMaterial.uasset" 7
"../../../Engine/Content/EngineMaterials/DefaultLightFunctionMaterial.uasset" 8
"../../../Engine/Content/Functions/Engine_MaterialFunctions02/Utility/BreakOutFloat2Components.uasset" 9
"../../../Engine/Content/EngineMaterials/DefaultPostProcessMaterial.uasset" 10
"../../../Engine/Content/EngineResources/DefaultTexture.uasset" 11
"../../../Engine/Content/Functions/Engine_MaterialFunctions01/Texturing/ScaleUVsByCenter.uasset" 12
"../../../Engine/Content/Functions/Engine_MaterialFunctions02/ScreenResolution.uasset" 13
"../../../Engine/Content/Functions/Engine_MaterialFunctions02/Texturing/ScreenAlignedUVs.uasset" 14
"../../../Engine/Content/EngineResources/WhiteSquareTexture.uasset" 15
"../../../Engine/Content/EngineMaterials/Widget3DPassThrough.uasset" 16
"../../../Engine/Content/EngineMaterials/Widget3DPassThrough_Translucent.uasset" 17
"../../../Engine/Content/EngineMaterials/Widget3DPassThrough_Translucent_OneSided.uasset" 18
"../../../Engine/Content/EngineMaterials/Widget3DPassThrough_Opaque.uasset" 19
"../../../Engine/Content/EngineMaterials/Widget3DPassThrough_Opaque_OneSided.uasset" 20
"../../../Engine/Content/EngineMaterials/Widget3DPassThrough_Masked.uasset" 21
"../../../Engine/Content/EngineMaterials/Widget3DPassThrough_Masked_OneSided.uasset" 22
"../../../Engine/Content/Maps/Templates/Thumbnails/Default.uasset" 23
"../../../Engine/Content/Maps/Templates/Thumbnails/VR-Basic.uasset" 24
"../../../Engine/Content/EditorMaterials/ParticleSystems/PSysThumbnail_NoImage.uasset" 25
"../../../Engine/Content/EditorMaterials/ParticleSystems/PSysThumbnail_OOD.uasset" 26
"../../../Engine/Content/EditorLandscapeResources/DataLayer.uasset" 27
"../../../Engine/Content/EngineDamageTypes/DmgTypeBP_Environmental.uasset" 28
"../../../Engine/Content/EngineMeshes/Sphere.uasset" 29
"../../../Engine/Content/EngineFonts/RobotoDistanceField.uasset" 30
"../../../Engine/Content/EngineMaterials/DefaultTextMaterialOpaque.uasset" 31
"../../../Engine/Content/EditorResources/S_Trigger.uasset" 32
"../../../Engine/Content/EngineResources/GradientTexture0.uasset" 33
"../../../Engine/Content/EngineResources/Black.uasset" 34
"../../../Engine/Content/EditorMaterials/MatineeGroups/MAT_Groups_Float.uasset" 35
"../../../Engine/Content/EditorMaterials/MatineeGroups/MAT_Groups_Director.uasset" 36
"../../../Engine/Content/EditorMaterials/MatineeGroups/MAT_Groups_Event.uasset" 37
"../../../Engine/Content/EditorMaterials/MatineeGroups/MAT_Groups_Anim.uasset" 38
"../../../Engine/Content/EditorMaterials/MatineeGroups/MAT_Groups_Fade.uasset" 39
"../../../Engine/Content/EditorMaterials/MatineeGroups/MAT_Groups_Move.uasset" 40
"../../../Engine/Content/EditorMaterials/MatineeGroups/MAT_Groups_Slomo.uasset" 41
"../../../Engine/Content/EditorMaterials/MatineeGroups/MAT_ColorTrack.uasset" 42
"../../../Engine/Content/EditorMaterials/MAT_Groups_Toggle.uasset" 43
"../../../Engine/Content/EditorMaterials/MatineeGroups/MAT_Groups_AudioMaster.uasset" 44
"../../../Engine/Content/EditorMaterials/MatineeGroups/MAT_Groups_Sound.uasset" 45
"../../../Engine/Content/EditorMaterials/MatineeGroups/MAT_Groups_Vector.uasset" 46
"../../../Engine/Content/EditorMaterials/MAT_Groups_Visibility.uasset" 47
"../../../Engine/Content/EngineResources/DefaultTextureCube.uasset" 48
"../../../Engine/Content/Functions/Engine_MaterialFunctions01/Opacity/CameraDepthFade.uasset" 49
"../../../Engine/Content/EngineMaterials/T_Default_Material_Grid_M.uasset" 50
"../../../Engine/Content/EngineMaterials/T_Default_Material_Grid_N.uasset" 51
"../../../Engine/Content/EngineMaterials/DefaultMaterial.uasset" 52
"../../../Engine/Content/EngineMeshes/Cylinder.uasset" 53
"../../../Engine/Content/EngineTireTypes/DefaultTireType.uasset" 54
"../../../Engine/Content/EditorMaterials/Camera/CineMat.uasset" 55
"../../../Engine/Content/EditorMaterials/Camera/MI_CineMat_Rig.uasset" 56
"../../../Engine/Content/EditorMeshes/Camera/SM_CraneRig_Base.uasset" 57
"../../../Engine/Content/EditorMeshes/Camera/SM_CraneRig_Arm.uasset" 58
"../../../Engine/Content/EditorMeshes/Camera/SM_CraneRig_Mount.uasset" 59
"../../../Engine/Content/EditorMeshes/Camera/SM_CraneRig_Body.uasset" 60
"../../../Engine/Content/EditorMeshes/Camera/SM_RailRig_Track.uasset" 61
"../../../Engine/Content/EditorMeshes/Camera/SM_RailRig_Mount.uasset" 62
"../../../Engine/Content/VREditor/LaserPointer/VR_LaserPower_01.uasset" 63
"../../../Engine/Content/VREditor/TransformGizmo/TransformGizmoMaterial.uasset" 64
"../../../Engine/Content/VREditor/TransformGizmo/TranslucentTransformGizmoMaterial.uasset" 65
"../../../Engine/Content/VREditor/TransformGizmo/TranslationHandle.uasset" 66
"../../../Engine/Content/VREditor/TransformGizmo/PlaneTranslationHandle.uasset" 67
"../../../Engine/Content/VREditor/TransformGizmo/RotationHandle.uasset" 68
"../../../Engine/Content/VREditor/TransformGizmo/StretchingHandle.uasset" 69
"../../../Engine/Content/VREditor/TransformGizmo/BoundingBoxCorner.uasset" 70
"../../../Engine/Content/VREditor/TransformGizmo/BoundingBoxEdge.uasset" 71
"../../../Engine/Content/VREditor/TransformGizmo/UniformScaleHandle.uasset" 72
"../../../Engine/Content/VREditor/FloatingText/LineMaterial.uasset" 73
"../../../Engine/Content/VREditor/FloatingText/LineSegmentCylinder.uasset" 74
"../../../Engine/Content/VREditor/FloatingText/JointSphere.uasset" 75
"../../../Engine/Content/VREditor/Fonts/VRText_RobotoLarge.uasset" 76
"../../../Engine/Content/VREditor/Fonts/VRTextMaterial.uasset" 77
"../../../Engine/Content/VREditor/Fonts/TranslucentVRTextMaterial.uasset" 78
"../../../Engine/Content/VREditor/UI/SelectionBarMesh.uasset" 79
"../../../Engine/Content/VREditor/UI/CloseButtonMesh.uasset" 80
"../../../Engine/Content/Tutorial/ContentIntroCurve.uasset" 81
"../../../Engine/Plugins/2D/Paper2D/Content/PlaceholderTextures/DummySpriteTexture.uasset" 82
"../../../Engine/Plugins/2D/Paper2D/Content/DefaultSpriteMaterial.uasset" 83
"../../../Engine/Plugins/2D/Paper2D/Content/MaskedUnlitSpriteMaterial.uasset" 84
"../../../Engine/Plugins/2D/Paper2D/Content/OpaqueUnlitSpriteMaterial.uasset" 85
"../../../Engine/Plugins/2D/Paper2D/Content/DummySprite.uasset" 86
"../../../Engine/Plugins/2D/Paper2D/Content/DefaultPaperTerrainMaterial.uasset" 87
"../../../Trapped/Content/Assets/Materials/M_FlatColor.uasset" 88
"../../../Trapped/Content/Assets/Materials/M_FlatLightBrown.uasset" 89
"../../../Trapped/Content/Assets/Materials/M_FlatBrown.uasset" 90
"../../../Trapped/Content/Terrain/Fence1.uasset" 91
"../../../Trapped/Content/Assets/Levels/InteractableAssets/RotatingWall.uasset" 92
"../../../Trapped/Content/Assets/Materials/M_FlatColorHighlight.uasset" 93
"../../../Trapped/Content/Assets/Materials/M_HighlightLightGray.uasset" 94
"../../../Trapped/Content/ThirdPerson/Meshes/RampMaterial.uasset" 95
"../../../Trapped/Content/ThirdPerson/Meshes/Ramp_StaticMesh.uasset" 96
"../../../Trapped/Content/ThirdPerson/Meshes/RightArm_StaticMesh.uasset" 97
"../../../Trapped/Content/Mannequin/Character/Mesh/UE4_Mannequin_Skeleton.uasset" 98
"../../../Trapped/Content/Mannequin/Animations/ThirdPerson_Jump.uasset" 99
"../../../Trapped/Content/Mannequin/Animations/ThirdPersonJump_Loop.uasset" 100
"../../../Trapped/Content/Mannequin/Animations/ThirdPersonJump_Start.uasset" 101
"../../../Trapped/Content/Mannequin/Animations/ThirdPersonIdle.uasset" 102
"../../../Trapped/Content/Mannequin/Animations/ThirdPersonRun.uasset" 103
"../../../Trapped/Content/Mannequin/Animations/ThirdPersonWalk.uasset" 104
"../../../Trapped/Content/Mannequin/Animations/ThirdPerson_IdleRun_2D.uasset" 105
"../../../Engine/Content/EditorBlueprintResources/StandardMacros.uasset" 106
"../../../Trapped/Content/Mannequin/Animations/ThirdPerson_AnimBP.uasset" 107
"../../../Engine/Content/Functions/Engine_MaterialFunctions02/Utility/BlendAngleCorrectedNormals.uasset" 108
"../../../Engine/Content/Functions/MaterialLayerFunctions/MatLayerBlend_NormalBlend.uasset" 109
"../../../Engine/Content/Functions/MaterialLayerFunctions/MatLayerBlend_Simple.uasset" 110
"../../../Trapped/Content/Mannequin/Character/Materials/MaterialLayers/T_ML_Rubber_Blue_01_D.uasset" 111
"../../../Trapped/Content/Mannequin/Character/Materials/MaterialLayers/T_ML_Rubber_Blue_01_N.uasset" 112
"../../../Trapped/Content/Mannequin/Character/Materials/MaterialLayers/ML_GlossyBlack_Latex_UE4.uasset" 113
"../../../Trapped/Content/Mannequin/Character/Materials/MaterialLayers/ML_Plastic_Shiny_Beige.uasset" 114
"../../../Trapped/Content/Mannequin/Character/Textures/UE4_LOGO_CARD.uasset" 115
"../../../Trapped/Content/Mannequin/Character/Materials/MaterialLayers/ML_Plastic_Shiny_Beige_LOGO.uasset" 116
"../../../Trapped/Content/Mannequin/Character/Materials/MaterialLayers/T_ML_Aluminum01.uasset" 117
"../../../Trapped/Content/Mannequin/Character/Materials/MaterialLayers/T_ML_Aluminum01_N.uasset" 118
"../../../Trapped/Content/Mannequin/Character/Materials/MaterialLayers/ML_SoftMetal_UE4.uasset" 119
"../../../Trapped/Content/Mannequin/Character/Textures/UE4_Mannequin__normals.uasset" 120
"../../../Trapped/Content/Mannequin/Character/Textures/UE4_Mannequin_MAT_MASKA.uasset" 121
"../../../Trapped/Content/Mannequin/Character/Materials/M_UE4Man_Body.uasset" 122
"../../../Trapped/Content/Mannequin/Character/Textures/UE4Man_Logo_N.uasset" 123
"../../../Trapped/Content/Mannequin/Character/Materials/M_UE4Man_ChestLogo.uasset" 124
"../../../Trapped/Content/Mannequin/Character/Mesh/SK_Mannequin_PhysicsAsset.uasset" 125
"../../../Trapped/Content/Mannequin/Character/Mesh/SK_Mannequin.uasset" 126
"../../../Trapped/Content/ThirdPersonCPP/Blueprints/ThirdPersonCharacter.uasset" 127
"../../../Engine/Content/EngineMaterials/RemoveSurfaceMaterial.uasset" 128
"../../../Engine/Content/EngineDebugMaterials/DebugMeshMaterial.uasset" 129
"../../../Engine/Content/EngineMaterials/InvalidLightmapSettings.uasset" 130
"../../../Engine/Content/EngineMaterials/M_InvalidLightmapSettings.uasset" 131
"../../../Engine/Content/EditorMaterials/GizmoMaterial.uasset" 132
"../../../Engine/Content/EngineMaterials/Good64x64TilingNoiseHighFreq.uasset" 133
"../../../Engine/Content/EngineMaterials/DefaultBokeh.uasset" 134
"../../../Engine/Content/EngineMaterials/PreintegratedSkinBRDF.uasset" 135
"../../../Engine/Content/EngineMaterials/MiniFont.uasset" 136
"../../../Engine/Content/EngineMaterials/WeightMapPlaceholderTexture.uasset" 137
"../../../Engine/Content/EngineMaterials/DefaultWhiteGrid.uasset" 138
"../../../Engine/Content/EngineMaterials/DefaultPhysicalMaterial.uasset" 139
"../../../Engine/Content/EngineFonts/RobotoTiny.uasset" 140
"../../../Engine/Content/EditorSounds/Notifications/CompileSuccess.uasset" 141
"../../../Engine/Content/EditorSounds/Notifications/CompileStart_Cue.uasset" 142
"../../../Engine/Content/EditorSounds/Notifications/CompileSuccess_Cue.uasset" 143
"../../../Engine/Content/EditorSounds/Notifications/CompileFailed.uasset" 144
"../../../Engine/Content/EditorSounds/Notifications/CompileFailed_Cue.uasset" 145
"../../../Engine/Content/EditorResources/S_KBSJoint.uasset" 146
"../../../Engine/Content/EditorResources/EmptyActor.uasset" 147
"../../../Trapped/Content/Assets/Textures/Transparent.uasset" 148
"../../../Trapped/Content/StarterContent/Audio/Explosion_Cue.uasset" 149
"../../../Trapped/Content/StarterContent/Textures/T_Burst_M.uasset" 150
"../../../Trapped/Content/StarterContent/Particles/Materials/M_Burst.uasset" 151
"../../../Trapped/Content/StarterContent/Textures/T_Explosion_SubUV.uasset" 152
"../../../Trapped/Content/StarterContent/Particles/Materials/M_explosion_subUV.uasset" 153
"../../../Trapped/Content/StarterContent/Particles/Materials/m_flare_01.uasset" 154
"../../../Engine/Content/Functions/Engine_MaterialFunctions01/Gradient/RadialGradient.uasset" 155
"../../../Trapped/Content/StarterContent/Particles/Materials/M_radial_ramp.uasset" 156
"../../../Trapped/Content/StarterContent/Textures/T_Smoke_SubUV.uasset" 157
"../../../Trapped/Content/StarterContent/Textures/T_Smoke_Tiled_D.uasset" 158
"../../../Trapped/Content/StarterContent/Particles/Materials/M_smoke_subUV.uasset" 159
"../../../Trapped/Content/StarterContent/Particles/P_Explosion.uasset" 160
"../../../Trapped/Content/StarterContent/Blueprints/Blueprint_Effect_Explosion.uasset" 161
"../../../Engine/Content/EditorMeshes/ColorCalibrator/T_ColorGrid.uasset" 162
"../../../Trapped/Content/StarterContent/Materials/M_ColorGrid_LowSpec.uasset" 163
"../../../Engine/Content/MobileResources/HUD/MobileHUDButton3.uasset" 164
"../../../Engine/Content/MobileResources/HUD/AnalogHat.uasset" 165
"../../../Engine/Content/MobileResources/HUD/MobileHUDButton2_on.uasset" 166
"../../../Engine/Content/MobileResources/HUD/MobileHUDDirectionPad3.uasset" 167
"../../../Trapped/Content/Dog/Dog_Skeleton.uasset" 168
"../../../Trapped/Content/Dog/DogInAirAnim.uasset" 169
"../../../Trapped/Content/Dog/DogInteractAnim.uasset" 170
"../../../Trapped/Content/Dog/DogPrejumpAnim.uasset" 171
"../../../Trapped/Content/Dog/DogIdleAnim.uasset" 172
"../../../Trapped/Content/Dog/DogWalkAnim.uasset" 173
"../../../Trapped/Content/Dog/IdleWalk.uasset" 174
"../../../Trapped/Content/Dog/DogAnimBP.uasset" 175
"../../../Trapped/Content/Dog/DogController.uasset" 176
"../../../Trapped/Content/Dog/DogSaveGame.uasset" 177
"../../../Trapped/Content/Assets/HUD/Katibeh-Regular.uasset" 178
"../../../Trapped/Content/Assets/HUD/textbox.uasset" 179
"../../../Trapped/Content/Assets/HUD/BetweenLevels.uasset" 180
"../../../Trapped/Content/Assets/HUD/Complete.uasset" 181
"../../../Trapped/Content/Dog/DogGameMode.uasset" 182
"../../../Trapped/Content/Assets/HUD/LevelText.uasset" 183
"../../../Trapped/Content/Ninja/Ninja_Skeleton.uasset" 184
"../../../Trapped/Content/Ninja/jumping_Anim.uasset" 185
"../../../Trapped/Content/Ninja/neutral_idle.uasset" 186
"../../../Trapped/Content/Ninja/run_inPlace.uasset" 187
"../../../Trapped/Content/Ninja/walking_inPlace.uasset" 188
"../../../Trapped/Content/Ninja/Ninja_IdleRun.uasset" 189
"../../../Trapped/Content/Ninja/NinjaAnimationBP.uasset" 190
"../../../Trapped/Content/Assets/HUD/TextHUD.uasset" 191
"../../../Trapped/Content/Ninja/M_Cloth1.uasset" 192
"../../../Trapped/Content/Ninja/M_Cloth2.uasset" 193
"../../../Trapped/Content/Ninja/M_Visor.uasset" 194
"../../../Trapped/Content/Ninja/Ninja_PhysicsAsset.uasset" 195
"../../../Trapped/Content/Ninja/Ninja.uasset" 196
"../../../Trapped/Content/Ninja/NinjaCharacter.uasset" 197
"../../../Trapped/Content/Assets/HUD/PauseMenu.uasset" 198
"../../../Trapped/Content/Dog/M_DogDark.uasset" 199
"../../../Trapped/Content/Dog/M_DogLight.uasset" 200
"../../../Trapped/Content/Dog/Dog_PhysicsAsset.uasset" 201
"../../../Trapped/Content/Dog/Dog.uasset" 202
"../../../Trapped/Content/Dog/DogCharacter.uasset" 203
"../../../Trapped/Content/Assets/HUD/ScoreHUD.uasset" 204
"../../../Trapped/Content/Assets/Materials/M_TextMaterial_Opaque_Emissive.uasset" 205
"../../../Trapped/Content/Assets/Audio/Text_Pop_Cue.uasset" 206
"../../../Trapped/Content/Assets/Textures/T_Effect_Ring.uasset" 207
"../../../Trapped/Content/Assets/Materials/M_Particle_Effect_Ring.uasset" 208
"../../../Trapped/Content/Assets/Effects/P_Pulse_Ring.uasset" 209
"../../../Engine/Content/EngineVolumetrics/Fogsheet/Materials/T_EV_FogSheet_Falloff_02.uasset" 210
"../../../Trapped/Content/Assets/Materials/M_TextBox_Background_Color.uasset" 211
"../../../Trapped/Content/Assets/Meshes/S_TextBox_Border_Background.uasset" 212
"../../../Trapped/Content/Assets/Materials/M_TextBox_Color.uasset" 213
"../../../Trapped/Content/Assets/Materials/M_TextBox_Background_Color_Edge_Inst.uasset" 214
"../../../Trapped/Content/Assets/Meshes/S_TextBox_Border_Corner.uasset" 215
"../../../Trapped/Content/Assets/Meshes/S_TextBox_Border_Segment.uasset" 216
"../../../Engine/Content/Functions/Engine_MaterialFunctions03/Particles/Distance_Blend.uasset" 217
"../../../Engine/Content/Functions/MaterialLayerFunctions/MatLayerBlend_AO.uasset" 218
"../../../Engine/Content/Functions/MaterialLayerFunctions/MatLayerBlend_ModulateRoughness.uasset" 219
"../../../Engine/Content/Functions/MaterialLayerFunctions/MatLayerBlend_Standard.uasset" 220
"../../../Trapped/Content/Assets/Textures/T_PaintedMetal01_D.uasset" 221
"../../../Trapped/Content/Assets/Textures/T_PaintedMetal01_N.uasset" 222
"../../../Trapped/Content/Assets/Materials/ML_COG_Metal_Base_Light.uasset" 223
"../../../Trapped/Content/Assets/Textures/T_Metal_Metal03_D.uasset" 224
"../../../Trapped/Content/Assets/Textures/T_Metal_Metal03_N.uasset" 225
"../../../Trapped/Content/Assets/Materials/ML_COG_Shiny_Grey_1.uasset" 226
"../../../Trapped/Content/Assets/Textures/T_TextBox_Icon_M.uasset" 227
"../../../Trapped/Content/Assets/Materials/M_TextBox_Icon_Info.uasset" 228
"../../../Trapped/Content/Assets/Meshes/S_TextBox_Icon_Info.uasset" 229
"../../../Trapped/Content/Assets/Blueprints/BP_Commentary_Box.uasset" 230
"../../../Engine/Content/MobileResources/HUD/T_Castle_ThumbstickOutter.uasset" 231
"../../../Engine/Content/MobileResources/T_MobileMenu2.uasset" 232
"../../../Engine/Content/MobileResources/HUD/MobileHUDButton2_off.uasset" 233
"../../../Engine/Content/MobileResources/HUD/T_Castle_ThumbstickInner.uasset" 234
"../../../Engine/Content/MobileResources/HUD/MobileHUDDirectionPad2.uasset" 235
"../../../Engine/Content/MobileResources/HUD/VirtualJoystick_Background.uasset" 236
"../../../Engine/Content/MobileResources/HUD/VirtualJoystick_Thumb.uasset" 237
"../../../Engine/Content/MobileResources/HUD/LeftVirtualJoystickOnly.uasset" 238
"../../../Engine/Content/MobileResources/HUD/DefaultVirtualJoysticks.uasset" 239
"../../../Engine/Content/MobileResources/T_MobileControls_texture.uasset" 240
"../../../Trapped/Content/StarterContent/Materials/M_Basic_Wall.uasset" 241
"../../../Trapped/Content/StarterContent/Shapes/Shape_Trim_90_Out.uasset" 242
"../../../Trapped/Content/StarterContent/Shapes/Shape_Trim_90_In.uasset" 243
"../../../Engine/Content/MobileResources/HUD/MobileHUDDirectionStick.uasset" 244
"../../../Engine/Content/MobileResources/HUD/MobileHUDButtonFire.uasset" 245
"../../../Trapped/Content/StarterContent/Shapes/Shape_Tube.uasset" 246
"../../../Trapped/Content/StarterContent/Shapes/Shape_TriPyramid.uasset" 247
"../../../Engine/Content/MobileResources/HUD/MobileHUDDirectionPad.uasset" 248
"../../../Engine/Content/MobileResources/HUD/MobileHUDButton1_on.uasset" 249
"../../../Trapped/Content/StarterContent/Shapes/Shape_WideCapsule.uasset" 250
"../../../Trapped/Content/StarterContent/Shapes/Shape_Wedge_B.uasset" 251
"../../../Trapped/Content/StarterContent/Shapes/Shape_Wedge_A.uasset" 252
"../../../Engine/Content/EditorResources/LightIcons/S_LightError.uasset" 253
"../../../Engine/Content/BasicShapes/Cone.uasset" 254
"../../../Engine/Content/BasicShapes/Cylinder.uasset" 255
"../../../Engine/Content/BasicShapes/Sphere.uasset" 256
"../../../Engine/Content/EditorMaterials/PhAT_JointLimitMaterial.uasset" 257
"../../../Engine/Content/EditorMaterials/PreviewShadowIndicator.uasset" 258
"../../../Engine/Content/EditorMaterials/PreviewShadowIndicatorMaterial.uasset" 259
"../../../Engine/Content/EditorResources/BSPVertex.uasset" 260
"../../../Engine/Content/EditorResources/AudioIcons/S_AudioComponent.uasset" 261
"../../../Engine/Content/EditorResources/AudioIcons/S_AudioComponent_AutoActivate.uasset" 262
"../../../Engine/Content/EngineDebugMaterials/HeatmapGradient.uasset" 263
"../../../Engine/Content/EngineDebugMaterials/BoneWeightMaterial.uasset" 264
"../../../Engine/Content/EngineDebugMaterials/GeomMaterial.uasset" 265
"../../../Engine/Content/EngineMaterials/EditorBrushMaterial.uasset" 266
"../../../Engine/Content/EngineMeshes/Cube.uasset" 267
"../../../Engine/Content/MobileResources/HUD/MobileHUDButton1_off.uasset" 268
"../../../Engine/Content/Tutorial/Basics/TutorialAssets/icon_tab_Levels_40x.uasset" 269
"../../../Engine/Content/Tutorial/BlueprintTutorials/TutorialAssets/BlueprintInterface_64x.uasset" 270
"../../../Engine/Content/Tutorial/BlueprintTutorials/TutorialAssets/BlueprintMacroLibrary_64x.uasset" 271
"../../../Engine/Content/Tutorial/BlueprintTutorials/TutorialAssets/Blueprint_64x.uasset" 272
"../../../Engine/Content/Tutorial/BlueprintTutorials/TutorialAssets/Tutorial_BP_Interface.uasset" 273
"../../../Engine/Content/Tutorial/Foliage/TutorialAssets/Foliage.uasset" 274
"../../../Engine/Content/Tutorial/Landscape/TutorialAssets/Landscape.uasset" 275
"../../../Engine/Content/Tutorial/Paper2D/TutorialAssets/Paper2DFlipbook_TutorialIcon.uasset" 276
"../../../Engine/Content/Tutorial/Paper2D/TutorialAssets/Paper2DSprite_TutorialIcon.uasset" 277
"../../../Engine/Content/Tutorial/SubEditors/TutorialAssets/icon_Editor_Preferences_General_40x.uasset" 278
"../../../Engine/Content/Tutorial/SubEditors/TutorialAssets/icon_ShowSkeletalMeshes_40x.uasset" 279
"../../../Engine/Content/Tutorial/SubEditors/TutorialAssets/TutorialMaterial.uasset" 280
"../../../Engine/Content/Tutorial/SubEditors/TutorialAssets/T_SmokeSubUV_8X8.uasset" 281
"../../../Engine/Content/Tutorial/SubEditors/TutorialAssets/T_soft_smoke.uasset" 282
"../../../Engine/Content/Tutorial/SubEditors/TutorialAssets/M_smoke_subUV_blackbody.uasset" 283
"../../../Engine/Content/Tutorial/SubEditors/TutorialAssets/TutorialParticleSystem.uasset" 284
"../../../Engine/Content/EngineMaterials/WorldGridMaterial.uasset" 285
"../../../Engine/Content/EditorMeshes/EditorCube.uasset" 286
"../../../Engine/Content/Tutorial/SubEditors/TutorialAssets/Tutorial_DM.uasset" 287
"../../../Trapped/Content/StarterContent/Shapes/Shape_Cube.uasset" 288
"../../../Trapped/Content/Assets/Levels/InteractableAssets/MovingWall.uasset" 289
"../../../Trapped/Content/Assets/Levels/InteractableAssets/LockedWall.uasset" 290
"../../../Trapped/Content/Geometry/Meshes/CubeMaterial.uasset" 291
"../../../Trapped/Content/Geometry/Meshes/1M_Cube.uasset" 292
"../../../Trapped/Content/Geometry/Meshes/1M_Cube_Chamfer.uasset" 293
"../../../Trapped/Content/Geometry/Meshes/TemplateFloor.uasset" 294
"../../../Trapped/Content/Macros/CustomMacros.uasset" 295
"../../../Trapped/Content/Mannequin/Animations/ThirdPersonJump_End.uasset" 296
"../../../Trapped/Content/Ninja/NinjaGameMode.uasset" 297
"../../../Trapped/Content/StarterContent/Architecture/Pillar_50x500.uasset" 298
"../../../Trapped/Content/StarterContent/Architecture/Wall_400x300.uasset" 299
"../../../Trapped/Content/StarterContent/Architecture/Wall_400x400.uasset" 300
"../../../Trapped/Content/StarterContent/Architecture/Wall_500x500.uasset" 301
"../../../Trapped/Content/StarterContent/Architecture/Wall_Door_400x400.uasset" 302
"../../../Trapped/Content/StarterContent/Architecture/Wall_Window_400x400.uasset" 303
"../../../Trapped/Content/StarterContent/Audio/Light01_Cue.uasset" 304
"../../../Trapped/Content/StarterContent/Audio/Light02_Cue.uasset" 305
"../../../Trapped/Content/StarterContent/Textures/T_Bush_D.uasset" 306
"../../../Trapped/Content/StarterContent/Textures/T_Bush_N.uasset" 307
"../../../Trapped/Content/StarterContent/Props/Materials/M_Bush.uasset" 308
"../../../Trapped/Content/StarterContent/Props/SM_Bush.uasset" 309
"../../../Trapped/Content/StarterContent/Textures/T_Chair_M.uasset" 310
"../../../Trapped/Content/StarterContent/Textures/T_Chair_N.uasset" 311
"../../../Trapped/Content/StarterContent/Props/Materials/M_Chair.uasset" 312
"../../../Trapped/Content/StarterContent/Props/SM_Couch.uasset" 313
"../../../Trapped/Content/StarterContent/Materials/M_Glass.uasset" 314
"../../../Trapped/Content/StarterContent/Textures/T_Door_M.uasset" 315
"../../../Trapped/Content/StarterContent/Textures/T_Door_N.uasset" 316
"../../../Trapped/Content/StarterContent/Props/Materials/M_Door.uasset" 317
"../../../Trapped/Content/StarterContent/Props/SM_Door.uasset" 318
"../../../Trapped/Content/StarterContent/Props/Materials/M_MaterialSphere.uasset" 319
"../../../Trapped/Content/StarterContent/Props/Materials/M_MaterialSphere_Plain.uasset" 320
"../../../Trapped/Content/StarterContent/Props/SM_MatPreviewMesh_02.uasset" 321
"../../../Trapped/Content/StarterContent/Textures/T_Detail_Rocky_N.uasset" 322
"../../../Trapped/Content/StarterContent/Textures/T_Rock_Basalt_D.uasset" 323
"../../../Trapped/Content/StarterContent/Textures/T_RockMesh_M.uasset" 324
"../../../Trapped/Content/StarterContent/Textures/T_RockMesh_N.uasset" 325
"../../../Trapped/Content/StarterContent/Props/Materials/M_Rock.uasset" 326
"../../../Trapped/Content/StarterContent/Props/SM_Rock.uasset" 327
"../../../Trapped/Content/StarterContent/Textures/T_Shelf_M.uasset" 328
"../../../Trapped/Content/StarterContent/Textures/T_Shelf_N.uasset" 329
"../../../Trapped/Content/StarterContent/Props/Materials/M_Shelf.uasset" 330
"../../../Trapped/Content/StarterContent/Props/SM_Shelf.uasset" 331
"../../../Trapped/Content/StarterContent/Materials/M_Basic_Floor.uasset" 332
"../../../Trapped/Content/StarterContent/Props/SM_Stairs.uasset" 333
"../../../Trapped/Content/StarterContent/Shapes/Shape_Cone.uasset" 334
"../../../Trapped/Content/StarterContent/Shapes/Shape_Cylinder.uasset" 335
"../../../Trapped/Content/StarterContent/Shapes/Shape_NarrowCapsule.uasset" 336
"../../../Trapped/Content/StarterContent/Shapes/Shape_Pipe.uasset" 337
"../../../Trapped/Content/StarterContent/Shapes/Shape_Pipe_180.uasset" 338
"../../../Trapped/Content/StarterContent/Shapes/Shape_Pipe_90.uasset" 339
"../../../Trapped/Content/StarterContent/Shapes/Shape_Plane.uasset" 340
"../../../Trapped/Content/StarterContent/Shapes/Shape_Torus.uasset" 341
"../../../Trapped/Content/StarterContent/Shapes/Shape_Trim.uasset" 342
"../../../Trapped/Content/Assets/Materials/M_FlatDarkBlue.uasset" 343
"../../../Trapped/Content/Terrain/Couch.uasset" 344
"../../../Trapped/Content/Terrain/Desk.uasset" 345
"../../../Trapped/Content/StarterContent/Textures/T_MacroVariation.uasset" 346
"../../../Trapped/Content/StarterContent/Materials/M_Metal_Chrome.uasset" 347
"../../../Trapped/Content/Assets/Materials/M_FlatLightGray.uasset" 348
"../../../Trapped/Content/Terrain/Door.uasset" 349
"../../../Trapped/Content/Terrain/Rock1.uasset" 350
"../../../Trapped/Content/Terrain/InteractableRock.uasset" 351
"../../../Trapped/Content/Assets/Materials/M_LampLight.uasset" 352
"../../../Trapped/Content/Terrain/Lamp1.uasset" 353
"../../../Trapped/Content/Terrain/Lamp2.uasset" 354
"../../../Trapped/Content/Assets/Materials/M_FlatDarkGray.uasset" 355
"../../../Trapped/Content/Terrain/Lamp3.uasset" 356
"../../../Trapped/Content/ThirdPerson/Meshes/Bump_StaticMesh.uasset" 357
"../../../Trapped/Content/ThirdPerson/Meshes/LeftArm_StaticMesh.uasset" 358
"../../../Trapped/Content/ThirdPerson/Meshes/Linear_Stair_StaticMesh.uasset" 359
"../../../Trapped/Content/StarterContent/Blueprints/Assets/FogBrightnessLUT.uasset" 360
"../../../Trapped/Content/StarterContent/Blueprints/Assets/SunlightColorLUT.uasset" 361
"../../../Trapped/Content/StarterContent/Blueprints/Assets/M_LightStage_Arrows.uasset" 362
"../../../Engine/Content/MapTemplates/Sky/DaylightAmbientCubemap.uasset" 363
"../../../Trapped/Content/StarterContent/Blueprints/Assets/M_LightStage_Skybox_Master.uasset" 364
"../../../Trapped/Content/StarterContent/Blueprints/Assets/M_LightStage_Skybox_Black.uasset" 365
"../../../Trapped/Content/StarterContent/Blueprints/Assets/M_LightStage_Skybox_HDRI.uasset" 366
"../../../Engine/Content/EditorMaterials/Thumbnails/SkySphereMaterial.uasset" 367
"../../../Trapped/Content/StarterContent/Blueprints/Assets/Skybox.uasset" 368
"../../../Trapped/Content/StarterContent/Blueprints/Assets/SM_Arrows.uasset" 369
"../../../Trapped/Content/StarterContent/HDRI/HDRI_Epic_Courtyard_Daylight.uasset" 370
"../../../Trapped/Content/StarterContent/Blueprints/BP_LightStudio.uasset" 371
"../../../Trapped/Content/StarterContent/Materials/M_AssetPlatform.uasset" 372
"../../../Engine/Content/EditorMeshes/ColorCalibrator/M_ChromeBall.uasset" 373
"../../../Engine/Content/EditorMeshes/ColorCalibrator/M_ClearCoat.uasset" 374
"../../../Engine/Content/EditorMeshes/ColorCalibrator/M_ClearCoatBlack.uasset" 375
"../../../Engine/Content/EditorMeshes/ColorCalibrator/M_ColorGrid.uasset" 376
"../../../Engine/Content/EditorMeshes/ColorCalibrator/M_GreyBall.uasset" 377
"../../../Engine/Content/EditorMeshes/ColorCalibrator/SM_ColorCalibrator.uasset" 378
"../../../Trapped/Content/StarterContent/Architecture/SM_AssetPlatform.uasset" 379
"../../../Trapped/Content/StarterContent/Maps/Advanced_Lighting.umap" 380
"../../../Engine/Content/EngineSky/C_Sky_Cloud_Color.uasset" 381
"../../../Engine/Content/EngineSky/C_Sky_Horizon_Color.uasset" 382
"../../../Engine/Content/EngineSky/C_Sky_Zenith_Color.uasset" 383
"../../../Engine/Content/EngineSky/T_Sky_Blue.uasset" 384
"../../../Engine/Content/EngineSky/T_Sky_Clouds_M.uasset" 385
"../../../Engine/Content/EngineSky/T_Sky_Stars.uasset" 386
"../../../Engine/Content/EngineSky/M_Sky_Panning_Clouds2.uasset" 387
"../../../Engine/Content/EngineSky/SM_SkySphere.uasset" 388
"../../../Engine/Content/EngineSky/BP_Sky_Sphere.uasset" 389
"../../../Trapped/Content/StarterContent/Textures/T_Metal_Gold_D.uasset" 390
"../../../Trapped/Content/StarterContent/Textures/T_Metal_Gold_N.uasset" 391
"../../../Trapped/Content/StarterContent/Materials/M_Metal_Gold.uasset" 392
"../../../Trapped/Content/Terrain/Bone.uasset" 393
"../../../Trapped/Content/Assets/Levels/InteractableAssets/BonePickup.uasset" 394
"../../../Trapped/Content/Terrain/Doghouse.uasset" 395
"../../../Trapped/Content/Assets/Levels/InteractableAssets/NextLevelTransfer.uasset" 396
"../../../Trapped/Content/Terrain/Fence2.uasset" 397
"../../../Trapped/Content/Assets/Levels/InteractableAssets/PhysicsRotatingWall.uasset" 398
"../../../Trapped/Content/Terrain/FenceSpline.uasset" 399
"../../../Trapped/Content/Assets/Textures/grass.uasset" 400
"../../../Trapped/Content/Assets/Materials/grass_Mat.uasset" 401
"../../../Engine/Content/BasicShapes/Cube.uasset" 402
"../../../Trapped/Content/Assets/Materials/M_FlatLightGreen.uasset" 403
"../../../Trapped/Content/Terrain/Bush.uasset" 404
"../../../Trapped/Content/Assets/Materials/M_FlatWhite.uasset" 405
"../../../Trapped/Content/Terrain/Cloud.uasset" 406
"../../../Trapped/Content/Terrain/Rock2.uasset" 407
"../../../Trapped/Content/Assets/Materials/M_FlatGreen.uasset" 408
"../../../Trapped/Content/Terrain/Tree1.uasset" 409
"../../../Trapped/Content/Terrain/Tree2.uasset" 410
"../../../Trapped/Content/Assets/Levels/Level1_Alt.umap" 411
"../../../Trapped/Content/Assets/Levels/Level3.umap" 412
"../../../Trapped/Content/Assets/Levels/Level2_Alt.umap" 413
"../../../Trapped/Content/Assets/Levels/Level0_Alt.umap" 414
"../../../Engine/Content/EngineMaterials/DefaultNormal.uasset" 415
"../../../Engine/Content/Maps/Entry.umap" 416
"../../../Engine/Content/BasicShapes/BasicShapeMaterial.uasset" 417
"../../../Trapped/Content/Assets/HUD/LevelButton.uasset" 418
"../../../Trapped/Content/Assets/HUD/LevelSelect.uasset" 419
"../../../Trapped/Content/Assets/HUD/UE4WhiteOutlineTransparent.uasset" 420
"../../../Trapped/Content/Assets/HUD/MainMenu.uasset" 421
"../../../Trapped/Content/Assets/Levels/MainMenuLevel.umap" 422
"../../../Trapped/Content/StarterContent/Materials/M_Metal_Brushed_Nickel.uasset" 423
"../../../Trapped/Content/StarterContent/Textures/T_Metal_Aluminum_D.uasset" 424
"../../../Trapped/Content/StarterContent/Materials/M_Metal_Burnished_Steel.uasset" 425
"../../../Trapped/Content/StarterContent/Textures/T_Metal_Copper_D.uasset" 426
"../../../Trapped/Content/StarterContent/Materials/M_Metal_Copper.uasset" 427
"../../../Trapped/Content/StarterContent/Textures/T_Statue_M.uasset" 428
"../../../Trapped/Content/StarterContent/Textures/T_Statue_N.uasset" 429
"../../../Trapped/Content/StarterContent/Props/Materials/M_StatueGlass.uasset" 430
"../../../Trapped/Content/StarterContent/Architecture/Floor_400x400.uasset" 431
"../../../Trapped/Content/StarterContent/Audio/Starter_Background_Cue.uasset" 432
"../../../Trapped/Content/StarterContent/Props/SM_Chair.uasset" 433
"../../../Trapped/Content/StarterContent/Props/Materials/M_Statue.uasset" 434
"../../../Trapped/Content/StarterContent/Props/SM_Statue.uasset" 435
"../../../Trapped/Content/StarterContent/Textures/T_TableRound_M.uasset" 436
"../../../Trapped/Content/StarterContent/Textures/T_TableRound_N.uasset" 437
"../../../Trapped/Content/StarterContent/Props/Materials/M_TableRound.uasset" 438
"../../../Trapped/Content/StarterContent/Props/SM_TableRound.uasset" 439
"../../../Trapped/Content/StarterContent/Maps/Minimal_Default.umap" 440
"../../../Trapped/Content/StarterContent/Audio/Fire01_Cue.uasset" 441
"../../../Trapped/Content/StarterContent/Textures/T_Fire_SubUV.uasset" 442
"../../../Trapped/Content/StarterContent/Textures/T_Fire_Tiled_D.uasset" 443
"../../../Trapped/Content/StarterContent/Particles/Materials/M_Fire_SubUV.uasset" 444
"../../../Trapped/Content/StarterContent/Textures/T_Water_N.uasset" 445
"../../../Trapped/Content/StarterContent/Particles/Materials/M_Heat_Distortion.uasset" 446
"../../../Trapped/Content/StarterContent/Particles/Materials/M_Radial_Gradient.uasset" 447
"../../../Trapped/Content/StarterContent/Particles/P_Fire.uasset" 448
"../../../Trapped/Content/StarterContent/Blueprints/Blueprint_Effect_Fire.uasset" 449
"../../../Trapped/Content/StarterContent/Audio/Smoke01_Cue.uasset" 450
"../../../Trapped/Content/StarterContent/Particles/P_Smoke.uasset" 451
"../../../Trapped/Content/StarterContent/Blueprints/Blueprint_Effect_Smoke.uasset" 452
"../../../Trapped/Content/StarterContent/Audio/Fire_Sparks01_Cue.uasset" 453
"../../../Trapped/Content/StarterContent/Textures/T_Spark_Core.uasset" 454
"../../../Trapped/Content/StarterContent/Particles/Materials/M_Spark.uasset" 455
"../../../Trapped/Content/StarterContent/Particles/P_Sparks.uasset" 456
"../../../Trapped/Content/StarterContent/Blueprints/Blueprint_Effect_Sparks.uasset" 457
"../../../Trapped/Content/StarterContent/Audio/Steam01_Cue.uasset" 458
"../../../Trapped/Content/StarterContent/Particles/P_Steam_Lit.uasset" 459
"../../../Trapped/Content/StarterContent/Blueprints/Blueprint_Effect_Steam.uasset" 460
"../../../Trapped/Content/StarterContent/Textures/T_Lamp_M.uasset" 461
"../../../Trapped/Content/StarterContent/Textures/T_Lamp_N.uasset" 462
"../../../Trapped/Content/StarterContent/Props/Materials/M_Lamp.uasset" 463
"../../../Trapped/Content/StarterContent/Props/SM_Lamp_Ceiling.uasset" 464
"../../../Trapped/Content/StarterContent/Blueprints/Blueprint_CeilingLight.uasset" 465
"../../../Trapped/Content/StarterContent/Props/SM_Lamp_Wall.uasset" 466
"../../../Trapped/Content/StarterContent/Blueprints/Blueprint_WallSconce.uasset" 467
"../../../Engine/Content/Functions/Engine_MaterialFunctions03/Procedurals/ComputeFilterWidth.uasset" 468
"../../../Engine/Content/EngineMaterials/AntiAliasedTextMaterialTranslucent.uasset" 469
"../../../Trapped/Content/StarterContent/Textures/T_Brick_Clay_Beveled_D.uasset" 470
"../../../Trapped/Content/StarterContent/Textures/T_Brick_Clay_Beveled_M.uasset" 471
"../../../Trapped/Content/StarterContent/Textures/T_Brick_Clay_Beveled_N.uasset" 472
"../../../Trapped/Content/StarterContent/Materials/M_Brick_Clay_Beveled.uasset" 473
"../../../Trapped/Content/StarterContent/Textures/T_Brick_Clay_New_D.uasset" 474
"../../../Trapped/Content/StarterContent/Textures/T_Brick_Clay_New_M.uasset" 475
"../../../Trapped/Content/StarterContent/Textures/T_Brick_Clay_New_N.uasset" 476
"../../../Trapped/Content/StarterContent/Materials/M_Brick_Clay_New.uasset" 477
"../../../Trapped/Content/StarterContent/Textures/T_Brick_Clay_Old_D.uasset" 478
"../../../Trapped/Content/StarterContent/Textures/T_Brick_Clay_Old_N.uasset" 479
"../../../Trapped/Content/StarterContent/Textures/T_Perlin_Noise_M.uasset" 480
"../../../Trapped/Content/StarterContent/Materials/M_Brick_Clay_Old.uasset" 481
"../../../Trapped/Content/StarterContent/Textures/T_Brick_Cut_Stone_D.uasset" 482
"../../../Trapped/Content/StarterContent/Textures/T_Brick_Cut_Stone_N.uasset" 483
"../../../Trapped/Content/StarterContent/Materials/M_Brick_Cut_Stone.uasset" 484
"../../../Trapped/Content/StarterContent/Textures/T_Brick_Hewn_Stone_D.uasset" 485
"../../../Trapped/Content/StarterContent/Textures/T_Brick_Hewn_Stone_M.uasset" 486
"../../../Trapped/Content/StarterContent/Textures/T_Brick_Hewn_Stone_N.uasset" 487
"../../../Trapped/Content/StarterContent/Materials/M_Brick_Hewn_Stone.uasset" 488
"../../../Trapped/Content/StarterContent/Textures/T_Ceramic_Tile_M.uasset" 489
"../../../Trapped/Content/StarterContent/Textures/T_Ceramic_Tile_N.uasset" 490
"../../../Trapped/Content/StarterContent/Textures/T_Rock_Marble_Polished_D.uasset" 491
"../../../Trapped/Content/StarterContent/Materials/M_Ceramic_Tile_Checker.uasset" 492
"../../../Trapped/Content/StarterContent/Textures/T_CobbleStone_Pebble_D.uasset" 493
"../../../Trapped/Content/StarterContent/Textures/T_CobbleStone_Pebble_M.uasset" 494
"../../../Trapped/Content/StarterContent/Textures/T_CobbleStone_Pebble_N.uasset" 495
"../../../Trapped/Content/StarterContent/Materials/M_CobbleStone_Pebble.uasset" 496
"../../../Trapped/Content/StarterContent/Textures/T_CobbleStone_Rough_D.uasset" 497
"../../../Trapped/Content/StarterContent/Textures/T_CobbleStone_Rough_N.uasset" 498
"../../../Trapped/Content/StarterContent/Textures/T_Gradinet_01.uasset" 499
"../../../Trapped/Content/StarterContent/Textures/T_Rock_Smooth_Granite_D.uasset" 500
"../../../Trapped/Content/StarterContent/Materials/M_CobbleStone_Rough.uasset" 501
"../../../Trapped/Content/StarterContent/Textures/T_CobbleStone_Smooth_D.uasset" 502
"../../../Trapped/Content/StarterContent/Textures/T_CobbleStone_Smooth_M.uasset" 503
"../../../Trapped/Content/StarterContent/Textures/T_CobbleStone_Smooth_N.uasset" 504
"../../../Trapped/Content/StarterContent/Materials/M_CobbleStone_Smooth.uasset" 505
"../../../Trapped/Content/StarterContent/Textures/T_Concrete_Grime_D.uasset" 506
"../../../Trapped/Content/StarterContent/Textures/T_Metal_Rust_N.uasset" 507
"../../../Trapped/Content/StarterContent/Materials/M_Concrete_Grime.uasset" 508
"../../../Trapped/Content/StarterContent/Textures/T_Concrete_Panels_D.uasset" 509
"../../../Trapped/Content/StarterContent/Textures/T_Concrete_Panels_N.uasset" 510
"../../../Trapped/Content/StarterContent/Materials/M_Concrete_Panels.uasset" 511
"../../../Trapped/Content/StarterContent/Textures/T_Concrete_Poured_D.uasset" 512
"../../../Trapped/Content/StarterContent/Textures/T_Concrete_Poured_N.uasset" 513
"../../../Trapped/Content/StarterContent/Materials/M_Concrete_Poured.uasset" 514
"../../../Trapped/Content/StarterContent/Textures/T_Concrete_Tiles_D.uasset" 515
"../../../Trapped/Content/StarterContent/Textures/T_Concrete_Tiles_M.uasset" 516
"../../../Trapped/Content/StarterContent/Textures/T_Concrete_Tiles_N.uasset" 517
"../../../Trapped/Content/StarterContent/Textures/T_Concrete_Tiles_Variation_M.uasset" 518
"../../../Trapped/Content/StarterContent/Materials/M_Concrete_Tiles.uasset" 519
"../../../Trapped/Content/StarterContent/Textures/T_Ground_Grass_D.uasset" 520
"../../../Trapped/Content/StarterContent/Textures/T_Ground_Grass_N.uasset" 521
"../../../Trapped/Content/StarterContent/Materials/M_Ground_Grass.uasset" 522
"../../../Trapped/Content/StarterContent/Textures/T_Ground_Gravel_D.uasset" 523
"../../../Trapped/Content/StarterContent/Textures/T_Ground_Gravel_N.uasset" 524
"../../../Trapped/Content/StarterContent/Materials/M_Ground_Gravel.uasset" 525
"../../../Trapped/Content/StarterContent/Textures/T_ground_Moss_D.uasset" 526
"../../../Trapped/Content/StarterContent/Textures/T_Ground_Moss_N.uasset" 527
"../../../Trapped/Content/StarterContent/Materials/M_Ground_Moss.uasset" 528
"../../../Trapped/Content/StarterContent/Textures/T_Metal_Rust_D.uasset" 529
"../../../Trapped/Content/StarterContent/Materials/M_Metal_Rust.uasset" 530
"../../../Trapped/Content/StarterContent/Textures/T_Metal_Steel_D.uasset" 531
"../../../Trapped/Content/StarterContent/Textures/T_Metal_Steel_N.uasset" 532
"../../../Trapped/Content/StarterContent/Materials/M_Metal_Steel.uasset" 533
"../../../Trapped/Content/StarterContent/Textures/T_Rock_Basalt_N.uasset" 534
"../../../Trapped/Content/StarterContent/Materials/M_Rock_Basalt.uasset" 535
"../../../Trapped/Content/StarterContent/Materials/M_Rock_Marble_Polished.uasset" 536
"../../../Trapped/Content/StarterContent/Textures/T_Rock_Sandstone_D.uasset" 537
"../../../Trapped/Content/StarterContent/Textures/T_Rock_Sandstone_N.uasset" 538
"../../../Trapped/Content/StarterContent/Materials/M_Rock_Sandstone.uasset" 539
"../../../Trapped/Content/StarterContent/Textures/T_Rock_Slate_D.uasset" 540
"../../../Trapped/Content/StarterContent/Textures/T_Rock_Slate_N.uasset" 541
"../../../Trapped/Content/StarterContent/Materials/M_Rock_Slate.uasset" 542
"../../../Trapped/Content/StarterContent/Textures/T_Checker_Noise_M.uasset" 543
"../../../Trapped/Content/StarterContent/Textures/T_Single_Tile_N.uasset" 544
"../../../Trapped/Content/StarterContent/Textures/T_Tech_Dot_M.uasset" 545
"../../../Trapped/Content/StarterContent/Textures/T_Tech_Dot_N.uasset" 546
"../../../Trapped/Content/StarterContent/Materials/M_Tech_Checker_Dot.uasset" 547
"../../../Trapped/Content/StarterContent/Textures/T_Tech_Hex_Tile_M.uasset" 548
"../../../Trapped/Content/StarterContent/Textures/T_Tech_Hex_Tile_N.uasset" 549
"../../../Trapped/Content/StarterContent/Materials/M_Tech_Hex_Tile.uasset" 550
"../../../Trapped/Content/StarterContent/Materials/M_Tech_Hex_Tile_Pulse.uasset" 551
"../../../Trapped/Content/StarterContent/Textures/T_Tech_Panel_M.uasset" 552
"../../../Trapped/Content/StarterContent/Textures/T_Tech_Panel_N.uasset" 553
"../../../Trapped/Content/StarterContent/Materials/M_Tech_Panel.uasset" 554
"../../../Trapped/Content/StarterContent/Materials/M_Water_Lake.uasset" 555
"../../../Trapped/Content/StarterContent/Textures/T_Water_M.uasset" 556
"../../../Trapped/Content/StarterContent/Materials/M_Water_Ocean.uasset" 557
"../../../Trapped/Content/StarterContent/Textures/T_Wood_Floor_Walnut_D.uasset" 558
"../../../Trapped/Content/StarterContent/Textures/T_Wood_Floor_Walnut_M.uasset" 559
"../../../Trapped/Content/StarterContent/Textures/T_Wood_Floor_Walnut_N.uasset" 560
"../../../Trapped/Content/StarterContent/Materials/M_Wood_Floor_Walnut_Polished.uasset" 561
"../../../Engine/Content/Functions/Engine_MaterialFunctions01/Opacity/AlphaOffset.uasset" 562
"../../../Trapped/Content/StarterContent/Materials/M_Wood_Floor_Walnut_Worn.uasset" 563
"../../../Trapped/Content/StarterContent/Textures/T_Wood_Oak_D.uasset" 564
"../../../Trapped/Content/StarterContent/Textures/T_Wood_Oak_N.uasset" 565
"../../../Trapped/Content/StarterContent/Materials/M_Wood_Oak.uasset" 566
"../../../Trapped/Content/StarterContent/Textures/T_Wood_Pine_D.uasset" 567
"../../../Trapped/Content/StarterContent/Textures/T_Wood_Pine_N.uasset" 568
"../../../Trapped/Content/StarterContent/Materials/M_Wood_Pine.uasset" 569
"../../../Trapped/Content/StarterContent/Textures/T_Wood_Walnut_D.uasset" 570
"../../../Trapped/Content/StarterContent/Textures/T_Wood_Walnut_N.uasset" 571
"../../../Trapped/Content/StarterContent/Materials/M_Wood_Walnut.uasset" 572
"../../../Trapped/Content/StarterContent/Architecture/Wall_400x200.uasset" 573
"../../../Trapped/Content/StarterContent/Architecture/Wall_Door_400x300.uasset" 574
"../../../Trapped/Content/StarterContent/Architecture/Wall_Window_400x300.uasset" 575
"../../../Trapped/Content/StarterContent/Audio/Collapse_Cue.uasset" 576
"../../../Trapped/Content/StarterContent/Audio/Starter_Music_Cue.uasset" 577
"../../../Trapped/Content/StarterContent/Textures/T_Dust_Particle_D.uasset" 578
"../../../Trapped/Content/StarterContent/Particles/Materials/M_Dust_Particle.uasset" 579
"../../../Trapped/Content/StarterContent/Particles/P_Ambient_Dust.uasset" 580
"../../../Trapped/Content/StarterContent/Props/MaterialSphere.uasset" 581
"../../../Trapped/Content/StarterContent/Textures/T_Frame_M.uasset" 582
"../../../Trapped/Content/StarterContent/Textures/T_Frame_N.uasset" 583
"../../../Trapped/Content/StarterContent/Props/Materials/M_Frame.uasset" 584
"../../../Trapped/Content/StarterContent/Props/SM_CornerFrame.uasset" 585
"../../../Trapped/Content/StarterContent/Props/SM_DoorFrame.uasset" 586
"../../../Trapped/Content/StarterContent/Props/SM_GlassWindow.uasset" 587
"../../../Trapped/Content/StarterContent/Props/SM_PillarFrame.uasset" 588
"../../../Trapped/Content/StarterContent/Props/SM_PillarFrame300.uasset" 589
"../../../Trapped/Content/StarterContent/Props/SM_WindowFrame.uasset" 590
"../../../Trapped/Content/StarterContent/Shapes/Shape_QuadPyramid.uasset" 591
"../../../Trapped/Content/StarterContent/Shapes/Shape_Sphere.uasset" 592
"../../../Trapped/Content/StarterContent/Maps/StarterMap.umap" 593
